<?xml version="1.0" encoding="UTF-8"?>
<testsuite xmlns:xsi="http://www.w3.org/2001/XMLSchema-instance" xsi:noNamespaceSchemaLocation="https://maven.apache.org/surefire/maven-surefire-plugin/xsd/surefire-test-report-3.0.xsd" version="3.0" name="edu.uob.BasicCmdTests" time="0.219" tests="6" errors="0" skipped="0" failures="0">
  <properties>
[...]
</properties>
  <testcase name="testPartialCommand4" classname="edu.uob.BasicCmdTests" time="0.159">
    <system-out><![CDATA[Starting room: cabin
Loaded 2 actions
]]></system-out>
  </testcase>
  <testcase name="testPartialCommands" classname="edu.uob.BasicCmdTests" time="0.011">
    <system-out><![CDATA[Starting room: cabin
Loaded 2 actions
]]></system-out>
  </testcase>
  <testcase name="testPartialCommands2" classname="edu.uob.BasicCmdTests" time="0.006">
    <system-out><![CDATA[Starting room: cabin
Loaded 2 actions
]]></system-out>
  </testcase>
  <testcase name="testPartialCommands3" classname="edu.uob.BasicCmdTests" time="0.007">
    <system-out><![CDATA[Starting room: cabin
Loaded 2 actions
]]></system-out>
  </testcase>
  <testcase name="testCommandWithSymbols" classname="edu.uob.BasicCmdTests" time="0.005">
    <system-out><![CDATA[Starting room: cabin
Loaded 2 actions
]]></system-out>
  </testcase>
  <testcase name="testIntegrationCommands" classname="edu.uob.BasicCmdTests" time="0.007">
    <system-out><![CDATA[Starting room: cabin
Loaded 2 actions
]]></system-out>
  </testcase>
</testsuite>